Using pre-set license
Built from '2022.3/staging' branch; Version is '2022.3.7f1 (b16b3b16c7a0) revision 11627323'; Using compiler version '192829333'; Build Type 'Release'
OS: 'Windows 11  (10.0.22621) 64bit Core' Language: 'en' Physical Memory: 15628 MB
BatchMode: 1, IsHumanControllingUs: 0, StartBugReporterOnCrash: 0, Is64bit: 1, IsPro: 1

COMMAND LINE ARGUMENTS:
C:\Program Files\Unity\Hub\Editor\2022.3.7f1\Editor\Unity.exe
-adb2
-batchMode
-noUpm
-name
AssetImportWorker0
-projectPath
C:/Users/trety/OneDrive/Documents/GitHub/Lab5/lab 5
-logFile
Logs/AssetImportWorker0.log
-srvPort
50644
Successfully changed project path to: C:/Users/trety/OneDrive/Documents/GitHub/Lab5/lab 5
C:/Users/trety/OneDrive/Documents/GitHub/Lab5/lab 5
[UnityMemory] Configuration Parameters - Can be set up in boot.config
    "memorysetup-bucket-allocator-granularity=16"
    "memorysetup-bucket-allocator-bucket-count=8"
    "memorysetup-bucket-allocator-block-size=33554432"
    "memorysetup-bucket-allocator-block-count=8"
    "memorysetup-main-allocator-block-size=16777216"
    "memorysetup-thread-allocator-block-size=16777216"
    "memorysetup-gfx-main-allocator-block-size=16777216"
    "memorysetup-gfx-thread-allocator-block-size=16777216"
    "memorysetup-cache-allocator-block-size=4194304"
    "memorysetup-typetree-allocator-block-size=2097152"
    "memorysetup-profiler-bucket-allocator-granularity=16"
    "memorysetup-profiler-bucket-allocator-bucket-count=8"
    "memorysetup-profiler-bucket-allocator-block-size=33554432"
    "memorysetup-profiler-bucket-allocator-block-count=8"
    "memorysetup-profiler-allocator-block-size=16777216"
    "memorysetup-profiler-editor-allocator-block-size=1048576"
    "memorysetup-temp-allocator-size-main=16777216"
    "memorysetup-job-temp-allocator-block-size=2097152"
    "memorysetup-job-temp-allocator-block-size-background=1048576"
    "memorysetup-job-temp-allocator-reduction-small-platforms=262144"
    "memorysetup-allocator-temp-initial-block-size-main=262144"
    "memorysetup-allocator-temp-initial-block-size-worker=262144"
    "memorysetup-temp-allocator-size-background-worker=32768"
    "memorysetup-temp-allocator-size-job-worker=262144"
    "memorysetup-temp-allocator-size-preload-manager=33554432"
    "memorysetup-temp-allocator-size-nav-mesh-worker=65536"
    "memorysetup-temp-allocator-size-audio-worker=65536"
    "memorysetup-temp-allocator-size-cloud-worker=32768"
    "memorysetup-temp-allocator-size-gi-baking-worker=262144"
    "memorysetup-temp-allocator-size-gfx=262144"
Player connection [5124] Host "[IP] 192.168.191.142 [Port] 0 [Flags] 2 [Guid] 390150943 [EditorId] 390150943 [Version] 1048832 [Id] WindowsEditor(7,LAPTOP-K6D0DOT3) [Debug] 1 [PackageName] WindowsEditor [ProjectName] Editor" joined multi-casting on [225.0.0.222:54997]...

Player connection [5124] Host "[IP] 192.168.191.142 [Port] 0 [Flags] 2 [Guid] 390150943 [EditorId] 390150943 [Version] 1048832 [Id] WindowsEditor(7,LAPTOP-K6D0DOT3) [Debug] 1 [PackageName] WindowsEditor [ProjectName] Editor" joined alternative multi-casting on [225.0.0.222:34997]...

Refreshing native plugins compatible for Editor in 7.93 ms, found 3 plugins.
Preloading 0 native plugins for Editor in 0.00 ms.
Initialize engine version: 2022.3.7f1 (b16b3b16c7a0)
[Subsystems] Discovering subsystems at path C:/Program Files/Unity/Hub/Editor/2022.3.7f1/Editor/Data/Resources/UnitySubsystems
[Subsystems] Discovering subsystems at path C:/Users/trety/OneDrive/Documents/GitHub/Lab5/lab 5/Assets
GfxDevice: creating device client; threaded=0; jobified=0
Direct3D:
    Version:  Direct3D 11.0 [level 11.1]
    Renderer: NVIDIA GeForce RTX 3060 Laptop GPU (ID=0x2520)
    Vendor:   NVIDIA
    VRAM:     6010 MB
    Driver:   31.0.15.4601
Initialize mono
Mono path[0] = 'C:/Program Files/Unity/Hub/Editor/2022.3.7f1/Editor/Data/Managed'
Mono path[1] = 'C:/Program Files/Unity/Hub/Editor/2022.3.7f1/Editor/Data/MonoBleedingEdge/lib/mono/unityjit-win32'
Mono config path = 'C:/Program Files/Unity/Hub/Editor/2022.3.7f1/Editor/Data/MonoBleedingEdge/etc'
Using monoOptions --debugger-agent=transport=dt_socket,embedding=1,server=y,suspend=n,address=127.0.0.1:56616
Begin MonoManager ReloadAssembly
Registering precompiled unity dll's ...
Register platform support module: C:/Program Files/Unity/Hub/Editor/2022.3.7f1/Editor/Data/PlaybackEngines/WindowsStandaloneSupport/UnityEditor.WindowsStandalone.Extensions.dll
Registered in 0.006056 seconds.
- Loaded All Assemblies, in  0.341 seconds
Native extension for WindowsStandalone target not found
Mono: successfully reloaded assembly
- Finished resetting the current domain, in  0.278 seconds
Domain Reload Profiling: 618ms
	BeginReloadAssembly (114ms)
		ExecutionOrderSort (0ms)
		DisableScriptedObjects (0ms)
		BackupInstance (0ms)
		ReleaseScriptingObjects (0ms)
		CreateAndSetChildDomain (1ms)
	RebuildCommonClasses (35ms)
	RebuildNativeTypeToScriptingClass (9ms)
	initialDomainReloadingComplete (54ms)
	LoadAllAssembliesAndSetupDomain (127ms)
		LoadAssemblies (111ms)
		RebuildTransferFunctionScriptingTraits (0ms)
		AnalyzeDomain (125ms)
			TypeCache.Refresh (124ms)
				TypeCache.ScanAssembly (111ms)
			ScanForSourceGeneratedMonoScriptInfo (0ms)
			ResolveRequiredComponents (0ms)
	FinalizeReload (279ms)
		ReleaseScriptCaches (0ms)
		RebuildScriptCaches (0ms)
		SetupLoadedEditorAssemblies (215ms)
			LogAssemblyErrors (0ms)
			InitializePlatformSupportModulesInManaged (9ms)
			SetLoadedEditorAssemblies (7ms)
			RefreshPlugins (0ms)
			BeforeProcessingInitializeOnLoad (2ms)
			ProcessInitializeOnLoadAttributes (134ms)
			ProcessInitializeOnLoadMethodAttributes (63ms)
			AfterProcessingInitializeOnLoad (0ms)
			EditorAssembliesLoaded (0ms)
		ExecutionOrderSort2 (0ms)
		AwakeInstancesAfterBackupRestoration (0ms)
========================================================================
Worker process is ready to serve import requests
Begin MonoManager ReloadAssembly
Symbol file LoadedFromMemory doesn't match image C:\Users\trety\OneDrive\Documents\GitHub\Lab5\lab 5\Library\PackageCache\com.unity.visualscripting@1.8.0\Editor\VisualScripting.Core\Dependencies\YamlDotNet\Unity.VisualScripting.YamlDotNet.dll
Symbol file LoadedFromMemory doesn't match image C:\Users\trety\OneDrive\Documents\GitHub\Lab5\lab 5\Library\PackageCache\com.unity.visualscripting@1.8.0\Editor\VisualScripting.Core\Dependencies\DotNetZip\Unity.VisualScripting.IonicZip.dll
- Loaded All Assemblies, in  0.604 seconds
Refreshing native plugins compatible for Editor in 3.14 ms, found 3 plugins.
Native extension for WindowsStandalone target not found
Mono: successfully reloaded assembly
- Finished resetting the current domain, in  0.514 seconds
Domain Reload Profiling: 1116ms
	BeginReloadAssembly (151ms)
		ExecutionOrderSort (0ms)
		DisableScriptedObjects (5ms)
		BackupInstance (0ms)
		ReleaseScriptingObjects (0ms)
		CreateAndSetChildDomain (27ms)
	RebuildCommonClasses (40ms)
	RebuildNativeTypeToScriptingClass (9ms)
	initialDomainReloadingComplete (38ms)
	LoadAllAssembliesAndSetupDomain (363ms)
		LoadAssemblies (292ms)
		RebuildTransferFunctionScriptingTraits (0ms)
		AnalyzeDomain (156ms)
			TypeCache.Refresh (139ms)
				TypeCache.ScanAssembly (125ms)
			ScanForSourceGeneratedMonoScriptInfo (13ms)
			ResolveRequiredComponents (3ms)
	FinalizeReload (514ms)
		ReleaseScriptCaches (0ms)
		RebuildScriptCaches (0ms)
		SetupLoadedEditorAssemblies (358ms)
			LogAssemblyErrors (0ms)
			InitializePlatformSupportModulesInManaged (6ms)
			SetLoadedEditorAssemblies (4ms)
			RefreshPlugins (0ms)
			BeforeProcessingInitializeOnLoad (58ms)
			ProcessInitializeOnLoadAttributes (262ms)
			ProcessInitializeOnLoadMethodAttributes (21ms)
			AfterProcessingInitializeOnLoad (7ms)
			EditorAssembliesLoaded (0ms)
		ExecutionOrderSort2 (0ms)
		AwakeInstancesAfterBackupRestoration (9ms)
Launched and connected shader compiler UnityShaderCompiler.exe after 0.07 seconds
Refreshing native plugins compatible for Editor in 3.79 ms, found 3 plugins.
Preloading 0 native plugins for Editor in 0.00 ms.
Unloading 3072 Unused Serialized files (Serialized files now loaded: 0)
Unloading 31 unused Assets / (56.3 KB). Loaded Objects now: 3534.
Memory consumption went from 114.2 MB to 114.2 MB.
Total: 3.564300 ms (FindLiveObjects: 0.226100 ms CreateObjectMapping: 0.212200 ms MarkObjects: 3.003300 ms  DeleteObjects: 0.121500 ms)

AssetImportParameters requested are different than current active one (requested -> active):
  custom:container-demuxer-ogg: 62fdf1f143b41e24485cea50d1cbac27 -> 
  custom:video-codec-MediaFoundation-h265: 746d11721c4dcdbdad8f713fa42b33f4 -> 
  custom:video-decoder-ogg-theora: a1e56fd34408186e4bbccfd4996cb3dc -> 
  custom:framework-win-MediaFoundation: 216162199b28c13a410421893ffa2e32 -> 
  custom:CustomObjectIndexerAttribute: 756ad292c208cfabdd7b50bc23989ffe -> 
  custom:container-demuxer-webm: 4f35f7cbe854078d1ac9338744f61a02 -> 
  custom:container-muxer-webm: aa71ff27fc2769a1b78a27578f13a17b -> 
  custom:video-decoder-webm-vp8: 9c59270c3fd7afecdb556c50c9e8de78 -> 
  custom:SearchIndexIgnoredProperties: e643bd26f0fe6173181afceb89e7c659 -> 
  custom:AudioImporter_EditorPlatform: d09bf68614088b80899f8185d706f6e7 -> 
  custom:video-encoder-webm-vp8: eb34c28f22e8b96e1ab97ce403110664 -> 
  custom:audio-decoder-ogg-vorbis: bf7c407c2cedff20999df2af8eb42d56 -> 
  custom:audio-encoder-webm-vorbis: bf7c407c2cedff20999df2af8eb42d56 -> 
========================================================================
Received Import Request.
  Time since last request: 370271.317602 seconds.
  path: Assets/Scenes
  artifactKey: Guid(a8e6c1fd225fdd140b6c2a1d59ad896b) Importer(815301076,1909f56bfc062723c751e8b465ee728b)
Start importing Assets/Scenes using Guid(a8e6c1fd225fdd140b6c2a1d59ad896b) Importer(815301076,1909f56bfc062723c751e8b465ee728b)  -> (artifact id: '9c739391897f8e359caf9700dbcc1856') in 0.003204 seconds
Number of updated asset objects reloaded before import = 0
Number of asset objects unloaded after import = 0
========================================================================
Received Import Request.
  Time since last request: 6.914648 seconds.
  path: Assets/CatBorg Studio/3D Dungeon Lowpoly Pack
  artifactKey: Guid(1721a1f9d2e39d84caa64f4a81f4af70) Importer(815301076,1909f56bfc062723c751e8b465ee728b)
Start importing Assets/CatBorg Studio/3D Dungeon Lowpoly Pack using Guid(1721a1f9d2e39d84caa64f4a81f4af70) Importer(815301076,1909f56bfc062723c751e8b465ee728b)  -> (artifact id: '3aeb02de92b22285e41f6446262eb1c6') in 0.000477 seconds
Number of updated asset objects reloaded before import = 0
Number of asset objects unloaded after import = 0
========================================================================
Received Import Request.
  Time since last request: 0.702294 seconds.
  path: Assets/CatBorg Studio/3D Dungeon Lowpoly Pack/Materials
  artifactKey: Guid(78ac16cfa29e3db45a518152dd9ae685) Importer(815301076,1909f56bfc062723c751e8b465ee728b)
Start importing Assets/CatBorg Studio/3D Dungeon Lowpoly Pack/Materials using Guid(78ac16cfa29e3db45a518152dd9ae685) Importer(815301076,1909f56bfc062723c751e8b465ee728b)  -> (artifact id: '2b97ba35d0a38e6859cab346862e7f88') in 0.000571 seconds
Number of updated asset objects reloaded before import = 0
Number of asset objects unloaded after import = 0
========================================================================
Received Import Request.
  Time since last request: 0.192918 seconds.
  path: Assets/CatBorg Studio/3D Dungeon Lowpoly Pack/Materials/Glass.mat
  artifactKey: Guid(00d936608e1969947b5f410959bad6ab) Importer(815301076,1909f56bfc062723c751e8b465ee728b)
Start importing Assets/CatBorg Studio/3D Dungeon Lowpoly Pack/Materials/Glass.mat using Guid(00d936608e1969947b5f410959bad6ab) Importer(815301076,1909f56bfc062723c751e8b465ee728b)  -> (artifact id: '71f78884a29ae41566deb8902e39aca3') in 0.347203 seconds
Number of updated asset objects reloaded before import = 0
Number of asset objects unloaded after import = 1
========================================================================
Received Import Request.
  Time since last request: 0.000032 seconds.
  path: Assets/CatBorg Studio/3D Dungeon Lowpoly Pack/Materials/Material_Emmision_Red.mat
  artifactKey: Guid(cdb37826a04b3ed43b5807afee542f08) Importer(815301076,1909f56bfc062723c751e8b465ee728b)
Start importing Assets/CatBorg Studio/3D Dungeon Lowpoly Pack/Materials/Material_Emmision_Red.mat using Guid(cdb37826a04b3ed43b5807afee542f08) Importer(815301076,1909f56bfc062723c751e8b465ee728b)  -> (artifact id: 'f2a8d744c325ca93df5457f7454c6ca1') in 0.175139 seconds
Number of updated asset objects reloaded before import = 0
Number of asset objects unloaded after import = 1
========================================================================
Received Import Request.
  Time since last request: 7.399767 seconds.
  path: Assets/CatBorg Studio/3D Dungeon Lowpoly Pack/Models
  artifactKey: Guid(3355c30b1f443be4aac5c62bc2ac380c) Importer(815301076,1909f56bfc062723c751e8b465ee728b)
Start importing Assets/CatBorg Studio/3D Dungeon Lowpoly Pack/Models using Guid(3355c30b1f443be4aac5c62bc2ac380c) Importer(815301076,1909f56bfc062723c751e8b465ee728b)  -> (artifact id: '7314be417569aea61756b62e2a22cb5d') in 0.000461 seconds
Number of updated asset objects reloaded before import = 0
Number of asset objects unloaded after import = 0
========================================================================
Received Import Request.
  Time since last request: 0.083209 seconds.
  path: Assets/CatBorg Studio/3D Dungeon Lowpoly Pack/Models/01_DiningHall_01_Bottle#1.fbx
  artifactKey: Guid(821015a023bdd0c4f8c6e61b6586edb3) Importer(815301076,1909f56bfc062723c751e8b465ee728b)
Start importing Assets/CatBorg Studio/3D Dungeon Lowpoly Pack/Models/01_DiningHall_01_Bottle#1.fbx using Guid(821015a023bdd0c4f8c6e61b6586edb3) Importer(815301076,1909f56bfc062723c751e8b465ee728b)  -> (artifact id: '5933d7610b71e287d5f5b1f1edb83cda') in 0.368211 seconds
Number of updated asset objects reloaded before import = 0
Number of asset objects unloaded after import = 9
========================================================================
Received Import Request.
  Time since last request: 0.000028 seconds.
  path: Assets/CatBorg Studio/3D Dungeon Lowpoly Pack/Models/02_Kitchen_01_SpoonBucket.fbx
  artifactKey: Guid(827a0159f61521b42b5ec613b75e8117) Importer(815301076,1909f56bfc062723c751e8b465ee728b)
Start importing Assets/CatBorg Studio/3D Dungeon Lowpoly Pack/Models/02_Kitchen_01_SpoonBucket.fbx using Guid(827a0159f61521b42b5ec613b75e8117) Importer(815301076,1909f56bfc062723c751e8b465ee728b)  -> (artifact id: '20d14d3a3af469b6d1741c1c727b604e') in 0.019098 seconds
Number of updated asset objects reloaded before import = 0
Number of asset objects unloaded after import = 9
========================================================================
Received Import Request.
  Time since last request: 0.000030 seconds.
  path: Assets/CatBorg Studio/3D Dungeon Lowpoly Pack/Models/01_DiningHall_01_WoodenChear#2.fbx
  artifactKey: Guid(c80fb3990183d344fa2324303c88be54) Importer(815301076,1909f56bfc062723c751e8b465ee728b)
Start importing Assets/CatBorg Studio/3D Dungeon Lowpoly Pack/Models/01_DiningHall_01_WoodenChear#2.fbx using Guid(c80fb3990183d344fa2324303c88be54) Importer(815301076,1909f56bfc062723c751e8b465ee728b)  -> (artifact id: '80053c466ec010f15b41582d83ba1dee') in 0.023471 seconds
Number of updated asset objects reloaded before import = 0
Number of asset objects unloaded after import = 9
========================================================================
Received Import Request.
  Time since last request: 0.000023 seconds.
  path: Assets/CatBorg Studio/3D Dungeon Lowpoly Pack/Models/03_Blacksmith_01_Hammer#1.fbx
  artifactKey: Guid(69d98bde32b7f3e4bb75de0f21b4347f) Importer(815301076,1909f56bfc062723c751e8b465ee728b)
Start importing Assets/CatBorg Studio/3D Dungeon Lowpoly Pack/Models/03_Blacksmith_01_Hammer#1.fbx using Guid(69d98bde32b7f3e4bb75de0f21b4347f) Importer(815301076,1909f56bfc062723c751e8b465ee728b)  -> (artifact id: 'f81ee1da65c3bbd31b482a3c1e0eefd8') in 0.018356 seconds
Number of updated asset objects reloaded before import = 0
Number of asset objects unloaded after import = 9
========================================================================
Received Import Request.
  Time since last request: 0.000026 seconds.
  path: Assets/CatBorg Studio/3D Dungeon Lowpoly Pack/Models/01_Library_01_InkWell#1.fbx
  artifactKey: Guid(4a1470cf32a2bb24da3b62b136b03a4e) Importer(815301076,1909f56bfc062723c751e8b465ee728b)
Start importing Assets/CatBorg Studio/3D Dungeon Lowpoly Pack/Models/01_Library_01_InkWell#1.fbx using Guid(4a1470cf32a2bb24da3b62b136b03a4e) Importer(815301076,1909f56bfc062723c751e8b465ee728b)  -> (artifact id: 'e5eefee4f10eccedd38e3853c0aac758') in 0.019501 seconds
Number of updated asset objects reloaded before import = 0
Number of asset objects unloaded after import = 9
========================================================================
Received Import Request.
  Time since last request: 0.000023 seconds.
  path: Assets/CatBorg Studio/3D Dungeon Lowpoly Pack/Models/01_Library_01_Candle#1.fbx
  artifactKey: Guid(99c532f0f6a3efd46a5c46e41a790c3c) Importer(815301076,1909f56bfc062723c751e8b465ee728b)
Start importing Assets/CatBorg Studio/3D Dungeon Lowpoly Pack/Models/01_Library_01_Candle#1.fbx using Guid(99c532f0f6a3efd46a5c46e41a790c3c) Importer(815301076,1909f56bfc062723c751e8b465ee728b)  -> (artifact id: '6241ec8da3a72bbff57a6d08b8887a12') in 0.018331 seconds
Number of updated asset objects reloaded before import = 0
Number of asset objects unloaded after import = 9
========================================================================
Received Import Request.
  Time since last request: 0.000022 seconds.
  path: Assets/CatBorg Studio/3D Dungeon Lowpoly Pack/Models/02_Kitchen_01_CookingPot#1_Stander.fbx
  artifactKey: Guid(af90d133d353ae4458d884c515f77053) Importer(815301076,1909f56bfc062723c751e8b465ee728b)
Start importing Assets/CatBorg Studio/3D Dungeon Lowpoly Pack/Models/02_Kitchen_01_CookingPot#1_Stander.fbx using Guid(af90d133d353ae4458d884c515f77053) Importer(815301076,1909f56bfc062723c751e8b465ee728b)  -> (artifact id: '19b46a12b08c37ff76a25c2139d64bef') in 0.018744 seconds
Number of updated asset objects reloaded before import = 0
Number of asset objects unloaded after import = 9
========================================================================
Received Import Request.
  Time since last request: 0.000021 seconds.
  path: Assets/CatBorg Studio/3D Dungeon Lowpoly Pack/Models/05_Vault_01_Chest_Bottom#1.fbx
  artifactKey: Guid(098765961acad1548861aaa92041abf0) Importer(815301076,1909f56bfc062723c751e8b465ee728b)
Start importing Assets/CatBorg Studio/3D Dungeon Lowpoly Pack/Models/05_Vault_01_Chest_Bottom#1.fbx using Guid(098765961acad1548861aaa92041abf0) Importer(815301076,1909f56bfc062723c751e8b465ee728b)  -> (artifact id: 'cd3ad0fe05a531018fa05680ed25a447') in 0.028379 seconds
Number of updated asset objects reloaded before import = 0
Number of asset objects unloaded after import = 9
========================================================================
Received Import Request.
  Time since last request: 0.000024 seconds.
  path: Assets/CatBorg Studio/3D Dungeon Lowpoly Pack/Models/01_DiningHall_01_Cup#2.fbx
  artifactKey: Guid(9f4bf87c7fe9f40498710243b709e356) Importer(815301076,1909f56bfc062723c751e8b465ee728b)
Start importing Assets/CatBorg Studio/3D Dungeon Lowpoly Pack/Models/01_DiningHall_01_Cup#2.fbx using Guid(9f4bf87c7fe9f40498710243b709e356) Importer(815301076,1909f56bfc062723c751e8b465ee728b)  -> (artifact id: '6def64d066616d470850fbbdc7f606df') in 0.018028 seconds
Number of updated asset objects reloaded before import = 0
Number of asset objects unloaded after import = 9
========================================================================
Received Import Request.
  Time since last request: 0.000024 seconds.
  path: Assets/CatBorg Studio/3D Dungeon Lowpoly Pack/Models/04_Bedroom_01_Beed_1.fbx
  artifactKey: Guid(0ac93ca44e3d53f4ca0e022fdb13ee3f) Importer(815301076,1909f56bfc062723c751e8b465ee728b)
Start importing Assets/CatBorg Studio/3D Dungeon Lowpoly Pack/Models/04_Bedroom_01_Beed_1.fbx using Guid(0ac93ca44e3d53f4ca0e022fdb13ee3f) Importer(815301076,1909f56bfc062723c751e8b465ee728b)  -> (artifact id: '5c6e0fb8bb17453f5b1bb688ae2bb290') in 0.019796 seconds
Number of updated asset objects reloaded before import = 0
Number of asset objects unloaded after import = 9
========================================================================
Received Import Request.
  Time since last request: 0.000029 seconds.
  path: Assets/CatBorg Studio/3D Dungeon Lowpoly Pack/Models/04_Bedroom_01_Beed_3.fbx
  artifactKey: Guid(a638869df4328a94b8f7ebf1fda3b523) Importer(815301076,1909f56bfc062723c751e8b465ee728b)
Start importing Assets/CatBorg Studio/3D Dungeon Lowpoly Pack/Models/04_Bedroom_01_Beed_3.fbx using Guid(a638869df4328a94b8f7ebf1fda3b523) Importer(815301076,1909f56bfc062723c751e8b465ee728b)  -> (artifact id: '5fe2eda8545ff904ab8ae615c1484d3e') in 0.019071 seconds
Number of updated asset objects reloaded before import = 0
Number of asset objects unloaded after import = 9
========================================================================
Received Import Request.
  Time since last request: 0.000026 seconds.
  path: Assets/CatBorg Studio/3D Dungeon Lowpoly Pack/Models/03_Blacksmith_01_IronBar.fbx
  artifactKey: Guid(b4d25b5b4e001ea41bcf073d34ba01cb) Importer(815301076,1909f56bfc062723c751e8b465ee728b)
Start importing Assets/CatBorg Studio/3D Dungeon Lowpoly Pack/Models/03_Blacksmith_01_IronBar.fbx using Guid(b4d25b5b4e001ea41bcf073d34ba01cb) Importer(815301076,1909f56bfc062723c751e8b465ee728b)  -> (artifact id: '6927f51e887b3718eff7b07f0fa01c02') in 0.018895 seconds
Number of updated asset objects reloaded before import = 0
Number of asset objects unloaded after import = 9
========================================================================
Received Import Request.
  Time since last request: 0.000180 seconds.
  path: Assets/CatBorg Studio/3D Dungeon Lowpoly Pack/Models/02_Kitchen_01_WoodenTable#2.fbx
  artifactKey: Guid(ea28e5713c123c647a7bcfd73549184c) Importer(815301076,1909f56bfc062723c751e8b465ee728b)
Start importing Assets/CatBorg Studio/3D Dungeon Lowpoly Pack/Models/02_Kitchen_01_WoodenTable#2.fbx using Guid(ea28e5713c123c647a7bcfd73549184c) Importer(815301076,1909f56bfc062723c751e8b465ee728b)  -> (artifact id: 'e121c0c6817c38dc85a07ce8a86223ae') in 0.019686 seconds
Number of updated asset objects reloaded before import = 0
Number of asset objects unloaded after import = 9
========================================================================
Received Import Request.
  Time since last request: 0.000045 seconds.
  path: Assets/CatBorg Studio/3D Dungeon Lowpoly Pack/Models/03_Blacksmith_01_Forge.fbx
  artifactKey: Guid(8d2c90bfe34335e44b8a0ab9891d9f42) Importer(815301076,1909f56bfc062723c751e8b465ee728b)
Start importing Assets/CatBorg Studio/3D Dungeon Lowpoly Pack/Models/03_Blacksmith_01_Forge.fbx using Guid(8d2c90bfe34335e44b8a0ab9891d9f42) Importer(815301076,1909f56bfc062723c751e8b465ee728b)  -> (artifact id: 'd91a12d51aa8935bfafe1aff8125b3f6') in 0.022410 seconds
Number of updated asset objects reloaded before import = 0
Number of asset objects unloaded after import = 9
========================================================================
Received Import Request.
  Time since last request: 0.000064 seconds.
  path: Assets/CatBorg Studio/3D Dungeon Lowpoly Pack/Models/03_Blacksmith_01_GrindingWheel_Wheel.fbx
  artifactKey: Guid(c4218bbde1775dc488ffca256521fe4b) Importer(815301076,1909f56bfc062723c751e8b465ee728b)
Start importing Assets/CatBorg Studio/3D Dungeon Lowpoly Pack/Models/03_Blacksmith_01_GrindingWheel_Wheel.fbx using Guid(c4218bbde1775dc488ffca256521fe4b) Importer(815301076,1909f56bfc062723c751e8b465ee728b)  -> (artifact id: '09d0773a2e7f1d669981c5450b4cb1e1') in 0.021650 seconds
Number of updated asset objects reloaded before import = 0
Number of asset objects unloaded after import = 9
========================================================================
Received Import Request.
  Time since last request: 0.000042 seconds.
  path: Assets/CatBorg Studio/3D Dungeon Lowpoly Pack/Models/02_Kitchen_01_CookingPot#3.fbx
  artifactKey: Guid(7d1974cd9f00a6642becc6a9c5f9dd16) Importer(815301076,1909f56bfc062723c751e8b465ee728b)
Start importing Assets/CatBorg Studio/3D Dungeon Lowpoly Pack/Models/02_Kitchen_01_CookingPot#3.fbx using Guid(7d1974cd9f00a6642becc6a9c5f9dd16) Importer(815301076,1909f56bfc062723c751e8b465ee728b)  -> (artifact id: '00fc5d1e077060148fb3c71d4ad35753') in 0.022056 seconds
Number of updated asset objects reloaded before import = 0
Number of asset objects unloaded after import = 9
========================================================================
Received Import Request.
  Time since last request: 0.000026 seconds.
  path: Assets/CatBorg Studio/3D Dungeon Lowpoly Pack/Models/03_Blacksmith_01_AnvilStand.fbx
  artifactKey: Guid(4ca9d429a2b619d4e86ca28ce00b4b5b) Importer(815301076,1909f56bfc062723c751e8b465ee728b)
Start importing Assets/CatBorg Studio/3D Dungeon Lowpoly Pack/Models/03_Blacksmith_01_AnvilStand.fbx using Guid(4ca9d429a2b619d4e86ca28ce00b4b5b) Importer(815301076,1909f56bfc062723c751e8b465ee728b)  -> (artifact id: '354c6b6e931884845db944f49999a9db') in 0.018119 seconds
Number of updated asset objects reloaded before import = 0
Number of asset objects unloaded after import = 9
========================================================================
Received Import Request.
  Time since last request: 0.000020 seconds.
  path: Assets/CatBorg Studio/3D Dungeon Lowpoly Pack/Models/01_DiningHall_01_Bottle#3.fbx
  artifactKey: Guid(8c67db829d4459646af2df5502b713de) Importer(815301076,1909f56bfc062723c751e8b465ee728b)
Start importing Assets/CatBorg Studio/3D Dungeon Lowpoly Pack/Models/01_DiningHall_01_Bottle#3.fbx using Guid(8c67db829d4459646af2df5502b713de) Importer(815301076,1909f56bfc062723c751e8b465ee728b)  -> (artifact id: '7b18d24c419d2cd61842bfe40dc17298') in 0.020256 seconds
Number of updated asset objects reloaded before import = 0
Number of asset objects unloaded after import = 11
========================================================================
Received Import Request.
  Time since last request: 0.000017 seconds.
  path: Assets/CatBorg Studio/3D Dungeon Lowpoly Pack/Models/02_Kitchen_01_CuttingBoard.fbx
  artifactKey: Guid(2aca63611f404414daf3fd813acac052) Importer(815301076,1909f56bfc062723c751e8b465ee728b)
Start importing Assets/CatBorg Studio/3D Dungeon Lowpoly Pack/Models/02_Kitchen_01_CuttingBoard.fbx using Guid(2aca63611f404414daf3fd813acac052) Importer(815301076,1909f56bfc062723c751e8b465ee728b)  -> (artifact id: '5a5020b7333286de6a274bd5a2394d6e') in 0.019174 seconds
Number of updated asset objects reloaded before import = 0
Number of asset objects unloaded after import = 9
========================================================================
Received Import Request.
  Time since last request: 0.000021 seconds.
  path: Assets/CatBorg Studio/3D Dungeon Lowpoly Pack/Models/01_Library_01_Chear_High#1.fbx
  artifactKey: Guid(e75b6260e4f60b74fa98347b1ee928ff) Importer(815301076,1909f56bfc062723c751e8b465ee728b)
Start importing Assets/CatBorg Studio/3D Dungeon Lowpoly Pack/Models/01_Library_01_Chear_High#1.fbx using Guid(e75b6260e4f60b74fa98347b1ee928ff) Importer(815301076,1909f56bfc062723c751e8b465ee728b)  -> (artifact id: 'd671528143ff13d3044621cf24d0713d') in 0.019435 seconds
Number of updated asset objects reloaded before import = 0
Number of asset objects unloaded after import = 9
========================================================================
Received Import Request.
  Time since last request: 0.000032 seconds.
  path: Assets/CatBorg Studio/3D Dungeon Lowpoly Pack/Models/01_Library_01_BigBook#2.fbx
  artifactKey: Guid(cde7019a5c7ef294e966f1aba2e87a4b) Importer(815301076,1909f56bfc062723c751e8b465ee728b)
Start importing Assets/CatBorg Studio/3D Dungeon Lowpoly Pack/Models/01_Library_01_BigBook#2.fbx using Guid(cde7019a5c7ef294e966f1aba2e87a4b) Importer(815301076,1909f56bfc062723c751e8b465ee728b)  -> (artifact id: 'e955834c87df74ce354e7e8d60d4173c') in 0.016220 seconds
Number of updated asset objects reloaded before import = 0
Number of asset objects unloaded after import = 9
========================================================================
Received Import Request.
  Time since last request: 0.000034 seconds.
  path: Assets/CatBorg Studio/3D Dungeon Lowpoly Pack/Models/01_Library_01_BookShelve_2.fbx
  artifactKey: Guid(1caaa2aae7d235c4fabf6f775e5868ef) Importer(815301076,1909f56bfc062723c751e8b465ee728b)
Start importing Assets/CatBorg Studio/3D Dungeon Lowpoly Pack/Models/01_Library_01_BookShelve_2.fbx using Guid(1caaa2aae7d235c4fabf6f775e5868ef) Importer(815301076,1909f56bfc062723c751e8b465ee728b)  -> (artifact id: 'a7dfb6e5e1fc9092035cef83cc9f4045') in 0.018378 seconds
Number of updated asset objects reloaded before import = 0
Number of asset objects unloaded after import = 9
========================================================================
Received Import Request.
  Time since last request: 0.000025 seconds.
  path: Assets/CatBorg Studio/3D Dungeon Lowpoly Pack/Models/01_Library_01_BookSmall_Purple.fbx
  artifactKey: Guid(baeb6d946a999eb43a6439bb6ea7f69f) Importer(815301076,1909f56bfc062723c751e8b465ee728b)
Start importing Assets/CatBorg Studio/3D Dungeon Lowpoly Pack/Models/01_Library_01_BookSmall_Purple.fbx using Guid(baeb6d946a999eb43a6439bb6ea7f69f) Importer(815301076,1909f56bfc062723c751e8b465ee728b)  -> (artifact id: 'fbbd402332fb6e0a368fc89ad49ce367') in 0.018356 seconds
Number of updated asset objects reloaded before import = 0
Number of asset objects unloaded after import = 9
========================================================================
Received Import Request.
  Time since last request: 4.845109 seconds.
  path: Assets/CatBorg Studio/3D Dungeon Lowpoly Pack/Models/05_Vault_01_Emerald#1.fbx
  artifactKey: Guid(12680eb61d88c79488d03e36db47e0f6) Importer(815301076,1909f56bfc062723c751e8b465ee728b)
Start importing Assets/CatBorg Studio/3D Dungeon Lowpoly Pack/Models/05_Vault_01_Emerald#1.fbx using Guid(12680eb61d88c79488d03e36db47e0f6) Importer(815301076,1909f56bfc062723c751e8b465ee728b)  -> (artifact id: 'd16c73ba0cf91d674f373fd1082596fc') in 0.016473 seconds
Number of updated asset objects reloaded before import = 0
Number of asset objects unloaded after import = 9
========================================================================
Received Import Request.
  Time since last request: 0.000019 seconds.
  path: Assets/CatBorg Studio/3D Dungeon Lowpoly Pack/Models/97_Othert_Barrel_Whole.fbx
  artifactKey: Guid(f4a2f9011f80b8149958fbd8accb1077) Importer(815301076,1909f56bfc062723c751e8b465ee728b)
Start importing Assets/CatBorg Studio/3D Dungeon Lowpoly Pack/Models/97_Othert_Barrel_Whole.fbx using Guid(f4a2f9011f80b8149958fbd8accb1077) Importer(815301076,1909f56bfc062723c751e8b465ee728b)  -> (artifact id: '2b74c9d90ec808402c0bc3ab0cfddd7e') in 0.018016 seconds
Number of updated asset objects reloaded before import = 0
Number of asset objects unloaded after import = 9
========================================================================
Received Import Request.
  Time since last request: 0.000021 seconds.
  path: Assets/CatBorg Studio/3D Dungeon Lowpoly Pack/Models/97_Othert_Amphora_Whole.fbx
  artifactKey: Guid(05f1982eaf975f44dafab44f8b43ddba) Importer(815301076,1909f56bfc062723c751e8b465ee728b)
Start importing Assets/CatBorg Studio/3D Dungeon Lowpoly Pack/Models/97_Othert_Amphora_Whole.fbx using Guid(05f1982eaf975f44dafab44f8b43ddba) Importer(815301076,1909f56bfc062723c751e8b465ee728b)  -> (artifact id: 'df88fe1bfe843a3efbd89c2a20dafe8e') in 0.030367 seconds
Number of updated asset objects reloaded before import = 0
Number of asset objects unloaded after import = 16
========================================================================
Received Import Request.
  Time since last request: 0.000019 seconds.
  path: Assets/CatBorg Studio/3D Dungeon Lowpoly Pack/Models/97_Othert_Key_Green.fbx
  artifactKey: Guid(7d50fad5f036ead409f2647aaf87020b) Importer(815301076,1909f56bfc062723c751e8b465ee728b)
Start importing Assets/CatBorg Studio/3D Dungeon Lowpoly Pack/Models/97_Othert_Key_Green.fbx using Guid(7d50fad5f036ead409f2647aaf87020b) Importer(815301076,1909f56bfc062723c751e8b465ee728b)  -> (artifact id: '9f9de0b25b5be8a422feee5d5e15364c') in 0.017558 seconds
Number of updated asset objects reloaded before import = 0
Number of asset objects unloaded after import = 9
========================================================================
Received Import Request.
  Time since last request: 0.000029 seconds.
  path: Assets/CatBorg Studio/3D Dungeon Lowpoly Pack/Models/96_Traps_Trap_Spiner.fbx
  artifactKey: Guid(029b3feb059e5fd4087be5a3773e3172) Importer(815301076,1909f56bfc062723c751e8b465ee728b)
Start importing Assets/CatBorg Studio/3D Dungeon Lowpoly Pack/Models/96_Traps_Trap_Spiner.fbx using Guid(029b3feb059e5fd4087be5a3773e3172) Importer(815301076,1909f56bfc062723c751e8b465ee728b)  -> (artifact id: '68180e4ac6863629ee6fed4e2ff643cf') in 0.020781 seconds
Number of updated asset objects reloaded before import = 0
Number of asset objects unloaded after import = 9
========================================================================
Received Import Request.
  Time since last request: 0.000032 seconds.
  path: Assets/CatBorg Studio/3D Dungeon Lowpoly Pack/Models/97_Othert_PracticeTarget.fbx
  artifactKey: Guid(ad0f2da82015cac4081251fb12c8cd9e) Importer(815301076,1909f56bfc062723c751e8b465ee728b)
Start importing Assets/CatBorg Studio/3D Dungeon Lowpoly Pack/Models/97_Othert_PracticeTarget.fbx using Guid(ad0f2da82015cac4081251fb12c8cd9e) Importer(815301076,1909f56bfc062723c751e8b465ee728b)  -> (artifact id: '45d9e3bd3401d1bd9b33dfa9e8c41fd3') in 0.023921 seconds
Number of updated asset objects reloaded before import = 0
Number of asset objects unloaded after import = 9
========================================================================
Received Import Request.
  Time since last request: 0.000029 seconds.
  path: Assets/CatBorg Studio/3D Dungeon Lowpoly Pack/Models/97_Othert_Key_Yellow.fbx
  artifactKey: Guid(5f73264f4e49f0343aa00c76e62839ca) Importer(815301076,1909f56bfc062723c751e8b465ee728b)
Start importing Assets/CatBorg Studio/3D Dungeon Lowpoly Pack/Models/97_Othert_Key_Yellow.fbx using Guid(5f73264f4e49f0343aa00c76e62839ca) Importer(815301076,1909f56bfc062723c751e8b465ee728b)  -> (artifact id: '42d0b0464f4047547ad851daeb27288b') in 0.021066 seconds
Number of updated asset objects reloaded before import = 0
Number of asset objects unloaded after import = 9
========================================================================
Received Import Request.
  Time since last request: 0.000120 seconds.
  path: Assets/CatBorg Studio/3D Dungeon Lowpoly Pack/Models/97_Othert_Key_Red_2.fbx
  artifactKey: Guid(38f7a8764eaf9ab4ea4de4838b2326d2) Importer(815301076,1909f56bfc062723c751e8b465ee728b)
Start importing Assets/CatBorg Studio/3D Dungeon Lowpoly Pack/Models/97_Othert_Key_Red_2.fbx using Guid(38f7a8764eaf9ab4ea4de4838b2326d2) Importer(815301076,1909f56bfc062723c751e8b465ee728b)  -> (artifact id: '263c1ecf4fa52f3265a23730788be31e') in 0.021989 seconds
Number of updated asset objects reloaded before import = 0
Number of asset objects unloaded after import = 9
========================================================================
Received Import Request.
  Time since last request: 0.000027 seconds.
  path: Assets/CatBorg Studio/3D Dungeon Lowpoly Pack/Models/97_Othert_Splash_1.fbx
  artifactKey: Guid(7e7fb0f195afd2c40b3b96f6fe6217ff) Importer(815301076,1909f56bfc062723c751e8b465ee728b)
Start importing Assets/CatBorg Studio/3D Dungeon Lowpoly Pack/Models/97_Othert_Splash_1.fbx using Guid(7e7fb0f195afd2c40b3b96f6fe6217ff) Importer(815301076,1909f56bfc062723c751e8b465ee728b)  -> (artifact id: '9c78c4bc04e8813ef23264ad55eac7f8') in 0.021814 seconds
Number of updated asset objects reloaded before import = 0
Number of asset objects unloaded after import = 9
========================================================================
Received Import Request.
  Time since last request: 0.000023 seconds.
  path: Assets/CatBorg Studio/3D Dungeon Lowpoly Pack/Models/96_Traps_Trap_RamTower.fbx
  artifactKey: Guid(edbbcdc12b07aa844b4524d5f1b9cf13) Importer(815301076,1909f56bfc062723c751e8b465ee728b)
Start importing Assets/CatBorg Studio/3D Dungeon Lowpoly Pack/Models/96_Traps_Trap_RamTower.fbx using Guid(edbbcdc12b07aa844b4524d5f1b9cf13) Importer(815301076,1909f56bfc062723c751e8b465ee728b)  -> (artifact id: 'a4e8d69a7f2a4d98a7e810340344e675') in 0.022325 seconds
Number of updated asset objects reloaded before import = 0
Number of asset objects unloaded after import = 9
========================================================================
Received Import Request.
  Time since last request: 0.000024 seconds.
  path: Assets/CatBorg Studio/3D Dungeon Lowpoly Pack/Models/97_Othert_Key_Yellow_2.fbx
  artifactKey: Guid(9164e96d5f7440a4eb5a8dd1a8e0855f) Importer(815301076,1909f56bfc062723c751e8b465ee728b)
Start importing Assets/CatBorg Studio/3D Dungeon Lowpoly Pack/Models/97_Othert_Key_Yellow_2.fbx using Guid(9164e96d5f7440a4eb5a8dd1a8e0855f) Importer(815301076,1909f56bfc062723c751e8b465ee728b)  -> (artifact id: '3c29ed443c1adbac2f412de309a9c3d1') in 0.020265 seconds
Number of updated asset objects reloaded before import = 0
Number of asset objects unloaded after import = 9
========================================================================
Received Import Request.
  Time since last request: 0.047496 seconds.
  path: Assets/CatBorg Studio/3D Dungeon Lowpoly Pack/Models/99_Decorations_WallBanner_3.fbx
  artifactKey: Guid(bfba9512654755e42b00fd88f7d72691) Importer(815301076,1909f56bfc062723c751e8b465ee728b)
Start importing Assets/CatBorg Studio/3D Dungeon Lowpoly Pack/Models/99_Decorations_WallBanner_3.fbx using Guid(bfba9512654755e42b00fd88f7d72691) Importer(815301076,1909f56bfc062723c751e8b465ee728b)  -> (artifact id: '1afb4f20e606c16d95d3e925b4b5e05e') in 0.020768 seconds
Number of updated asset objects reloaded before import = 0
Number of asset objects unloaded after import = 8
========================================================================
Received Import Request.
  Time since last request: 0.000023 seconds.
  path: Assets/CatBorg Studio/3D Dungeon Lowpoly Pack/Models/99_Enviroment_DoorsFake#1.fbx
  artifactKey: Guid(d3a4c6e98bee77d449dde7ab8b36543f) Importer(815301076,1909f56bfc062723c751e8b465ee728b)
Start importing Assets/CatBorg Studio/3D Dungeon Lowpoly Pack/Models/99_Enviroment_DoorsFake#1.fbx using Guid(d3a4c6e98bee77d449dde7ab8b36543f) Importer(815301076,1909f56bfc062723c751e8b465ee728b)  -> (artifact id: '5c19970042931fae88c7a2b8b1279bd0') in 0.019254 seconds
Number of updated asset objects reloaded before import = 0
Number of asset objects unloaded after import = 9
========================================================================
Received Import Request.
  Time since last request: 0.000025 seconds.
  path: Assets/CatBorg Studio/3D Dungeon Lowpoly Pack/Models/99_Enviroment_Floor_01.fbx
  artifactKey: Guid(67db746dbd507f24093eca27ac44957b) Importer(815301076,1909f56bfc062723c751e8b465ee728b)
Start importing Assets/CatBorg Studio/3D Dungeon Lowpoly Pack/Models/99_Enviroment_Floor_01.fbx using Guid(67db746dbd507f24093eca27ac44957b) Importer(815301076,1909f56bfc062723c751e8b465ee728b)  -> (artifact id: '4f92e33f670221d4525677e7fee6d5cd') in 0.021062 seconds
Number of updated asset objects reloaded before import = 0
Number of asset objects unloaded after import = 9
========================================================================
Received Import Request.
  Time since last request: 0.000021 seconds.
  path: Assets/CatBorg Studio/3D Dungeon Lowpoly Pack/Models/99_Enviroment_Wall_01.fbx
  artifactKey: Guid(33017ed3f61fb2f4aaf8f84ce029b5eb) Importer(815301076,1909f56bfc062723c751e8b465ee728b)
Start importing Assets/CatBorg Studio/3D Dungeon Lowpoly Pack/Models/99_Enviroment_Wall_01.fbx using Guid(33017ed3f61fb2f4aaf8f84ce029b5eb) Importer(815301076,1909f56bfc062723c751e8b465ee728b)  -> (artifact id: '43fac73cac7b62159555e2feb4f17801') in 0.030522 seconds
Number of updated asset objects reloaded before import = 0
Number of asset objects unloaded after import = 16
========================================================================
Received Import Request.
  Time since last request: 0.000018 seconds.
  path: Assets/CatBorg Studio/3D Dungeon Lowpoly Pack/Models/99_Enviroment_Stears.fbx
  artifactKey: Guid(e7acb14ed36ace9438cb0acd158f7d2d) Importer(815301076,1909f56bfc062723c751e8b465ee728b)
Start importing Assets/CatBorg Studio/3D Dungeon Lowpoly Pack/Models/99_Enviroment_Stears.fbx using Guid(e7acb14ed36ace9438cb0acd158f7d2d) Importer(815301076,1909f56bfc062723c751e8b465ee728b)  -> (artifact id: '530f2b7751223340c2fe034804c8db23') in 0.018758 seconds
Number of updated asset objects reloaded before import = 0
Number of asset objects unloaded after import = 9
Editor requested this worker to shutdown with reason: Scaling down because of idle timeout
TcpMessagingSession - receive error: operation aborted. errorcode: 995, details: The I/O operation has been aborted because of either a thread exit or an application request.
AssetImportWorker is now disconnected from the server
Process exiting
Exiting without the bug reporter. Application will terminate with return code 0