Using pre-set license
Built from '2022.3/staging' branch; Version is '2022.3.7f1 (b16b3b16c7a0) revision 11627323'; Using compiler version '192829333'; Build Type 'Release'
OS: 'Windows 11  (10.0.22621) 64bit Core' Language: 'en' Physical Memory: 15628 MB
BatchMode: 1, IsHumanControllingUs: 0, StartBugReporterOnCrash: 0, Is64bit: 1, IsPro: 1

COMMAND LINE ARGUMENTS:
C:\Program Files\Unity\Hub\Editor\2022.3.7f1\Editor\Unity.exe
-adb2
-batchMode
-noUpm
-name
AssetImportWorker1
-projectPath
C:/Users/trety/OneDrive/Documents/GitHub/Lab5/lab 5
-logFile
Logs/AssetImportWorker1.log
-srvPort
50644
Successfully changed project path to: C:/Users/trety/OneDrive/Documents/GitHub/Lab5/lab 5
C:/Users/trety/OneDrive/Documents/GitHub/Lab5/lab 5
[UnityMemory] Configuration Parameters - Can be set up in boot.config
    "memorysetup-bucket-allocator-granularity=16"
    "memorysetup-bucket-allocator-bucket-count=8"
    "memorysetup-bucket-allocator-block-size=33554432"
    "memorysetup-bucket-allocator-block-count=8"
    "memorysetup-main-allocator-block-size=16777216"
    "memorysetup-thread-allocator-block-size=16777216"
    "memorysetup-gfx-main-allocator-block-size=16777216"
    "memorysetup-gfx-thread-allocator-block-size=16777216"
    "memorysetup-cache-allocator-block-size=4194304"
    "memorysetup-typetree-allocator-block-size=2097152"
    "memorysetup-profiler-bucket-allocator-granularity=16"
    "memorysetup-profiler-bucket-allocator-bucket-count=8"
    "memorysetup-profiler-bucket-allocator-block-size=33554432"
    "memorysetup-profiler-bucket-allocator-block-count=8"
    "memorysetup-profiler-allocator-block-size=16777216"
    "memorysetup-profiler-editor-allocator-block-size=1048576"
    "memorysetup-temp-allocator-size-main=16777216"
    "memorysetup-job-temp-allocator-block-size=2097152"
    "memorysetup-job-temp-allocator-block-size-background=1048576"
    "memorysetup-job-temp-allocator-reduction-small-platforms=262144"
    "memorysetup-allocator-temp-initial-block-size-main=262144"
    "memorysetup-allocator-temp-initial-block-size-worker=262144"
    "memorysetup-temp-allocator-size-background-worker=32768"
    "memorysetup-temp-allocator-size-job-worker=262144"
    "memorysetup-temp-allocator-size-preload-manager=33554432"
    "memorysetup-temp-allocator-size-nav-mesh-worker=65536"
    "memorysetup-temp-allocator-size-audio-worker=65536"
    "memorysetup-temp-allocator-size-cloud-worker=32768"
    "memorysetup-temp-allocator-size-gi-baking-worker=262144"
    "memorysetup-temp-allocator-size-gfx=262144"
Player connection [36524] Host "[IP] 192.168.191.142 [Port] 0 [Flags] 2 [Guid] 3361315100 [EditorId] 3361315100 [Version] 1048832 [Id] WindowsEditor(7,LAPTOP-K6D0DOT3) [Debug] 1 [PackageName] WindowsEditor [ProjectName] Editor" joined multi-casting on [225.0.0.222:54997]...

Player connection [36524] Host "[IP] 192.168.191.142 [Port] 0 [Flags] 2 [Guid] 3361315100 [EditorId] 3361315100 [Version] 1048832 [Id] WindowsEditor(7,LAPTOP-K6D0DOT3) [Debug] 1 [PackageName] WindowsEditor [ProjectName] Editor" joined alternative multi-casting on [225.0.0.222:34997]...

Refreshing native plugins compatible for Editor in 7.49 ms, found 3 plugins.
Preloading 0 native plugins for Editor in 0.00 ms.
Initialize engine version: 2022.3.7f1 (b16b3b16c7a0)
[Subsystems] Discovering subsystems at path C:/Program Files/Unity/Hub/Editor/2022.3.7f1/Editor/Data/Resources/UnitySubsystems
[Subsystems] Discovering subsystems at path C:/Users/trety/OneDrive/Documents/GitHub/Lab5/lab 5/Assets
GfxDevice: creating device client; threaded=0; jobified=0
Direct3D:
    Version:  Direct3D 11.0 [level 11.1]
    Renderer: NVIDIA GeForce RTX 3060 Laptop GPU (ID=0x2520)
    Vendor:   NVIDIA
    VRAM:     6010 MB
    Driver:   31.0.15.4601
Initialize mono
Mono path[0] = 'C:/Program Files/Unity/Hub/Editor/2022.3.7f1/Editor/Data/Managed'
Mono path[1] = 'C:/Program Files/Unity/Hub/Editor/2022.3.7f1/Editor/Data/MonoBleedingEdge/lib/mono/unityjit-win32'
Mono config path = 'C:/Program Files/Unity/Hub/Editor/2022.3.7f1/Editor/Data/MonoBleedingEdge/etc'
Using monoOptions --debugger-agent=transport=dt_socket,embedding=1,server=y,suspend=n,address=127.0.0.1:56044
Begin MonoManager ReloadAssembly
Registering precompiled unity dll's ...
Register platform support module: C:/Program Files/Unity/Hub/Editor/2022.3.7f1/Editor/Data/PlaybackEngines/WindowsStandaloneSupport/UnityEditor.WindowsStandalone.Extensions.dll
Registered in 0.008191 seconds.
- Loaded All Assemblies, in  0.357 seconds
Native extension for WindowsStandalone target not found
Mono: successfully reloaded assembly
- Finished resetting the current domain, in  0.284 seconds
Domain Reload Profiling: 639ms
	BeginReloadAssembly (114ms)
		ExecutionOrderSort (0ms)
		DisableScriptedObjects (0ms)
		BackupInstance (0ms)
		ReleaseScriptingObjects (0ms)
		CreateAndSetChildDomain (1ms)
	RebuildCommonClasses (37ms)
	RebuildNativeTypeToScriptingClass (9ms)
	initialDomainReloadingComplete (55ms)
	LoadAllAssembliesAndSetupDomain (141ms)
		LoadAssemblies (111ms)
		RebuildTransferFunctionScriptingTraits (0ms)
		AnalyzeDomain (139ms)
			TypeCache.Refresh (137ms)
				TypeCache.ScanAssembly (126ms)
			ScanForSourceGeneratedMonoScriptInfo (0ms)
			ResolveRequiredComponents (0ms)
	FinalizeReload (284ms)
		ReleaseScriptCaches (0ms)
		RebuildScriptCaches (0ms)
		SetupLoadedEditorAssemblies (215ms)
			LogAssemblyErrors (0ms)
			InitializePlatformSupportModulesInManaged (10ms)
			SetLoadedEditorAssemblies (8ms)
			RefreshPlugins (0ms)
			BeforeProcessingInitializeOnLoad (2ms)
			ProcessInitializeOnLoadAttributes (130ms)
			ProcessInitializeOnLoadMethodAttributes (64ms)
			AfterProcessingInitializeOnLoad (0ms)
			EditorAssembliesLoaded (0ms)
		ExecutionOrderSort2 (0ms)
		AwakeInstancesAfterBackupRestoration (0ms)
========================================================================
Worker process is ready to serve import requests
Begin MonoManager ReloadAssembly
Symbol file LoadedFromMemory doesn't match image C:\Users\trety\OneDrive\Documents\GitHub\Lab5\lab 5\Library\PackageCache\com.unity.visualscripting@1.8.0\Editor\VisualScripting.Core\Dependencies\YamlDotNet\Unity.VisualScripting.YamlDotNet.dll
Symbol file LoadedFromMemory doesn't match image C:\Users\trety\OneDrive\Documents\GitHub\Lab5\lab 5\Library\PackageCache\com.unity.visualscripting@1.8.0\Editor\VisualScripting.Core\Dependencies\DotNetZip\Unity.VisualScripting.IonicZip.dll
- Loaded All Assemblies, in  0.607 seconds
Refreshing native plugins compatible for Editor in 2.76 ms, found 3 plugins.
Native extension for WindowsStandalone target not found
Mono: successfully reloaded assembly
- Finished resetting the current domain, in  0.505 seconds
Domain Reload Profiling: 1110ms
	BeginReloadAssembly (151ms)
		ExecutionOrderSort (0ms)
		DisableScriptedObjects (5ms)
		BackupInstance (0ms)
		ReleaseScriptingObjects (0ms)
		CreateAndSetChildDomain (28ms)
	RebuildCommonClasses (34ms)
	RebuildNativeTypeToScriptingClass (9ms)
	initialDomainReloadingComplete (43ms)
	LoadAllAssembliesAndSetupDomain (368ms)
		LoadAssemblies (291ms)
		RebuildTransferFunctionScriptingTraits (0ms)
		AnalyzeDomain (161ms)
			TypeCache.Refresh (143ms)
				TypeCache.ScanAssembly (130ms)
			ScanForSourceGeneratedMonoScriptInfo (12ms)
			ResolveRequiredComponents (4ms)
	FinalizeReload (505ms)
		ReleaseScriptCaches (0ms)
		RebuildScriptCaches (0ms)
		SetupLoadedEditorAssemblies (355ms)
			LogAssemblyErrors (0ms)
			InitializePlatformSupportModulesInManaged (5ms)
			SetLoadedEditorAssemblies (4ms)
			RefreshPlugins (0ms)
			BeforeProcessingInitializeOnLoad (62ms)
			ProcessInitializeOnLoadAttributes (259ms)
			ProcessInitializeOnLoadMethodAttributes (18ms)
			AfterProcessingInitializeOnLoad (7ms)
			EditorAssembliesLoaded (0ms)
		ExecutionOrderSort2 (0ms)
		AwakeInstancesAfterBackupRestoration (7ms)
Launched and connected shader compiler UnityShaderCompiler.exe after 0.07 seconds
Refreshing native plugins compatible for Editor in 3.78 ms, found 3 plugins.
Preloading 0 native plugins for Editor in 0.00 ms.
Unloading 3072 Unused Serialized files (Serialized files now loaded: 0)
Unloading 31 unused Assets / (56.4 KB). Loaded Objects now: 3534.
Memory consumption went from 114.2 MB to 114.2 MB.
Total: 3.742800 ms (FindLiveObjects: 0.330700 ms CreateObjectMapping: 0.172100 ms MarkObjects: 3.114700 ms  DeleteObjects: 0.124000 ms)

AssetImportParameters requested are different than current active one (requested -> active):
  custom:container-demuxer-ogg: 62fdf1f143b41e24485cea50d1cbac27 -> 
  custom:video-codec-MediaFoundation-h265: 746d11721c4dcdbdad8f713fa42b33f4 -> 
  custom:video-decoder-ogg-theora: a1e56fd34408186e4bbccfd4996cb3dc -> 
  custom:framework-win-MediaFoundation: 216162199b28c13a410421893ffa2e32 -> 
  custom:CustomObjectIndexerAttribute: 756ad292c208cfabdd7b50bc23989ffe -> 
  custom:container-demuxer-webm: 4f35f7cbe854078d1ac9338744f61a02 -> 
  custom:container-muxer-webm: aa71ff27fc2769a1b78a27578f13a17b -> 
  custom:video-decoder-webm-vp8: 9c59270c3fd7afecdb556c50c9e8de78 -> 
  custom:SearchIndexIgnoredProperties: e643bd26f0fe6173181afceb89e7c659 -> 
  custom:AudioImporter_EditorPlatform: d09bf68614088b80899f8185d706f6e7 -> 
  custom:video-encoder-webm-vp8: eb34c28f22e8b96e1ab97ce403110664 -> 
  custom:audio-decoder-ogg-vorbis: bf7c407c2cedff20999df2af8eb42d56 -> 
  custom:audio-encoder-webm-vorbis: bf7c407c2cedff20999df2af8eb42d56 -> 
========================================================================
Received Import Request.
  Time since last request: 370271.313457 seconds.
  path: Assets/Scenes/CatBorg Studio
  artifactKey: Guid(9e0871e2f25f16c479516ec695dba897) Importer(815301076,1909f56bfc062723c751e8b465ee728b)
Start importing Assets/Scenes/CatBorg Studio using Guid(9e0871e2f25f16c479516ec695dba897) Importer(815301076,1909f56bfc062723c751e8b465ee728b)  -> (artifact id: '72a4621fe513d7af1195604be6d689dc') in 0.003531 seconds
Number of updated asset objects reloaded before import = 0
Number of asset objects unloaded after import = 0
========================================================================
Received Import Request.
  Time since last request: 7.816151 seconds.
  path: Assets/CatBorg Studio/3D Dungeon Lowpoly Pack/Materials/M_Imphenzia_LowPollyStyle.mat
  artifactKey: Guid(6209e65906b7d3b45ae8ea4784695500) Importer(815301076,1909f56bfc062723c751e8b465ee728b)
Start importing Assets/CatBorg Studio/3D Dungeon Lowpoly Pack/Materials/M_Imphenzia_LowPollyStyle.mat using Guid(6209e65906b7d3b45ae8ea4784695500) Importer(815301076,1909f56bfc062723c751e8b465ee728b)  -> (artifact id: 'c9161ecfea6504638feb8c09b73d0134') in 0.362235 seconds
Number of updated asset objects reloaded before import = 0
Number of asset objects unloaded after import = 2
========================================================================
Received Import Request.
  Time since last request: 7.644557 seconds.
  path: Assets/CatBorg Studio/3D Dungeon Lowpoly Pack/Models/01_DiningHall_01_Bottle#2.fbx
  artifactKey: Guid(8a0da4ad7bc1e8347962e57617420844) Importer(815301076,1909f56bfc062723c751e8b465ee728b)
Start importing Assets/CatBorg Studio/3D Dungeon Lowpoly Pack/Models/01_DiningHall_01_Bottle#2.fbx using Guid(8a0da4ad7bc1e8347962e57617420844) Importer(815301076,1909f56bfc062723c751e8b465ee728b)  -> (artifact id: '271fe2d4b3334a2f1fd9de90f9725872') in 0.228070 seconds
Number of updated asset objects reloaded before import = 0
Number of asset objects unloaded after import = 9
========================================================================
Received Import Request.
  Time since last request: 0.000028 seconds.
  path: Assets/CatBorg Studio/3D Dungeon Lowpoly Pack/Models/01_Library_01_BookSmall_Red.fbx
  artifactKey: Guid(c95c2d954a823394a918541b9d7fab22) Importer(815301076,1909f56bfc062723c751e8b465ee728b)
Start importing Assets/CatBorg Studio/3D Dungeon Lowpoly Pack/Models/01_Library_01_BookSmall_Red.fbx using Guid(c95c2d954a823394a918541b9d7fab22) Importer(815301076,1909f56bfc062723c751e8b465ee728b)  -> (artifact id: '2c86ea93b4626f2c4c33194dab13617e') in 0.021801 seconds
Number of updated asset objects reloaded before import = 0
Number of asset objects unloaded after import = 9
========================================================================
Received Import Request.
  Time since last request: 0.000036 seconds.
  path: Assets/CatBorg Studio/3D Dungeon Lowpoly Pack/Models/02_Kitchen_01_CuttingBoard#2.fbx
  artifactKey: Guid(833386d75d20afc47ae8848a6f445176) Importer(815301076,1909f56bfc062723c751e8b465ee728b)
Start importing Assets/CatBorg Studio/3D Dungeon Lowpoly Pack/Models/02_Kitchen_01_CuttingBoard#2.fbx using Guid(833386d75d20afc47ae8848a6f445176) Importer(815301076,1909f56bfc062723c751e8b465ee728b)  -> (artifact id: '69438c4c352988330746bf0abb112069') in 0.020298 seconds
Number of updated asset objects reloaded before import = 0
Number of asset objects unloaded after import = 9
========================================================================
Received Import Request.
  Time since last request: 0.000017 seconds.
  path: Assets/CatBorg Studio/3D Dungeon Lowpoly Pack/Models/01_DiningHall_01_WoodenTable#1.fbx
  artifactKey: Guid(390ddb3adfecc3e4f8d044ba8a40fbc7) Importer(815301076,1909f56bfc062723c751e8b465ee728b)
Start importing Assets/CatBorg Studio/3D Dungeon Lowpoly Pack/Models/01_DiningHall_01_WoodenTable#1.fbx using Guid(390ddb3adfecc3e4f8d044ba8a40fbc7) Importer(815301076,1909f56bfc062723c751e8b465ee728b)  -> (artifact id: 'bedf365fafb66e727bf81fb3bf46491f') in 0.019802 seconds
Number of updated asset objects reloaded before import = 0
Number of asset objects unloaded after import = 9
========================================================================
Received Import Request.
  Time since last request: 0.000026 seconds.
  path: Assets/CatBorg Studio/3D Dungeon Lowpoly Pack/Models/03_Blacksmith_01_Blower.fbx
  artifactKey: Guid(10054154c56d50d4d94c140c976354e6) Importer(815301076,1909f56bfc062723c751e8b465ee728b)
Start importing Assets/CatBorg Studio/3D Dungeon Lowpoly Pack/Models/03_Blacksmith_01_Blower.fbx using Guid(10054154c56d50d4d94c140c976354e6) Importer(815301076,1909f56bfc062723c751e8b465ee728b)  -> (artifact id: 'eabd0f5fac2aba8797134f29d56fcee7') in 0.017101 seconds
Number of updated asset objects reloaded before import = 0
Number of asset objects unloaded after import = 9
========================================================================
Received Import Request.
  Time since last request: 0.000022 seconds.
  path: Assets/CatBorg Studio/3D Dungeon Lowpoly Pack/Models/03_Blacksmith_01_Anvil.fbx
  artifactKey: Guid(19ec89ffd5564c746b7efc29eaf2fddb) Importer(815301076,1909f56bfc062723c751e8b465ee728b)
Start importing Assets/CatBorg Studio/3D Dungeon Lowpoly Pack/Models/03_Blacksmith_01_Anvil.fbx using Guid(19ec89ffd5564c746b7efc29eaf2fddb) Importer(815301076,1909f56bfc062723c751e8b465ee728b)  -> (artifact id: '4592dcef69672aef7053ff49e742e53b') in 0.017227 seconds
Number of updated asset objects reloaded before import = 0
Number of asset objects unloaded after import = 9
========================================================================
Received Import Request.
  Time since last request: 0.000033 seconds.
  path: Assets/CatBorg Studio/3D Dungeon Lowpoly Pack/Models/01_DiningHall_01_WoodenChear#1.fbx
  artifactKey: Guid(06063f551160d5f4192daa15a3c6f042) Importer(815301076,1909f56bfc062723c751e8b465ee728b)
Start importing Assets/CatBorg Studio/3D Dungeon Lowpoly Pack/Models/01_DiningHall_01_WoodenChear#1.fbx using Guid(06063f551160d5f4192daa15a3c6f042) Importer(815301076,1909f56bfc062723c751e8b465ee728b)  -> (artifact id: '1b3dccb7b3e0a3bcfb510d0c40f1cf30') in 0.023735 seconds
Number of updated asset objects reloaded before import = 0
Number of asset objects unloaded after import = 9
========================================================================
Received Import Request.
  Time since last request: 0.000022 seconds.
  path: Assets/CatBorg Studio/3D Dungeon Lowpoly Pack/Models/04_Bedroom_01_Beed_4.fbx
  artifactKey: Guid(e8c9e5adf8a0ced4a850a82188865bca) Importer(815301076,1909f56bfc062723c751e8b465ee728b)
Start importing Assets/CatBorg Studio/3D Dungeon Lowpoly Pack/Models/04_Bedroom_01_Beed_4.fbx using Guid(e8c9e5adf8a0ced4a850a82188865bca) Importer(815301076,1909f56bfc062723c751e8b465ee728b)  -> (artifact id: '3be195fdaa26a5746bbb1834706efecb') in 0.018585 seconds
Number of updated asset objects reloaded before import = 0
Number of asset objects unloaded after import = 9
========================================================================
Received Import Request.
  Time since last request: 0.000029 seconds.
  path: Assets/CatBorg Studio/3D Dungeon Lowpoly Pack/Models/04_Bedroom_01_Beed_2.fbx
  artifactKey: Guid(b1317f7181c663f44bfcc2bcf2c5fe85) Importer(815301076,1909f56bfc062723c751e8b465ee728b)
Start importing Assets/CatBorg Studio/3D Dungeon Lowpoly Pack/Models/04_Bedroom_01_Beed_2.fbx using Guid(b1317f7181c663f44bfcc2bcf2c5fe85) Importer(815301076,1909f56bfc062723c751e8b465ee728b)  -> (artifact id: '97018ed5fd1a70843d000756446b7ed4') in 0.017412 seconds
Number of updated asset objects reloaded before import = 0
Number of asset objects unloaded after import = 9
========================================================================
Received Import Request.
  Time since last request: 0.000021 seconds.
  path: Assets/CatBorg Studio/3D Dungeon Lowpoly Pack/Models/03_Blacksmith_01_Hammer#2.fbx
  artifactKey: Guid(1e457b6408d1a6d43a5ea2846d1bd88f) Importer(815301076,1909f56bfc062723c751e8b465ee728b)
Start importing Assets/CatBorg Studio/3D Dungeon Lowpoly Pack/Models/03_Blacksmith_01_Hammer#2.fbx using Guid(1e457b6408d1a6d43a5ea2846d1bd88f) Importer(815301076,1909f56bfc062723c751e8b465ee728b)  -> (artifact id: '5ecb8f76c9caf95bc36b3686ffc3bc7b') in 0.017951 seconds
Number of updated asset objects reloaded before import = 0
Number of asset objects unloaded after import = 9
========================================================================
Received Import Request.
  Time since last request: 0.000044 seconds.
  path: Assets/CatBorg Studio/3D Dungeon Lowpoly Pack/Models/02_Kitchen_01_CookingPot#1.fbx
  artifactKey: Guid(80870dfe9805f444fab1862626cae728) Importer(815301076,1909f56bfc062723c751e8b465ee728b)
Start importing Assets/CatBorg Studio/3D Dungeon Lowpoly Pack/Models/02_Kitchen_01_CookingPot#1.fbx using Guid(80870dfe9805f444fab1862626cae728) Importer(815301076,1909f56bfc062723c751e8b465ee728b)  -> (artifact id: '77bfc919f65b7f6cf31a6222b1afa9fa') in 0.020635 seconds
Number of updated asset objects reloaded before import = 0
Number of asset objects unloaded after import = 9
========================================================================
Received Import Request.
  Time since last request: 0.000029 seconds.
  path: Assets/CatBorg Studio/3D Dungeon Lowpoly Pack/Models/01_DiningHall_01_Bowl#1.fbx
  artifactKey: Guid(c0ce8dbd0c29671469ad6feb59e4b12d) Importer(815301076,1909f56bfc062723c751e8b465ee728b)
Start importing Assets/CatBorg Studio/3D Dungeon Lowpoly Pack/Models/01_DiningHall_01_Bowl#1.fbx using Guid(c0ce8dbd0c29671469ad6feb59e4b12d) Importer(815301076,1909f56bfc062723c751e8b465ee728b)  -> (artifact id: '44ec7041d9d114612e7afe66e75caeaf') in 0.018821 seconds
Number of updated asset objects reloaded before import = 0
Number of asset objects unloaded after import = 9
========================================================================
Received Import Request.
  Time since last request: 0.000028 seconds.
  path: Assets/CatBorg Studio/3D Dungeon Lowpoly Pack/Models/04_Bedroom_01_Matrace_ForBeed_2.fbx
  artifactKey: Guid(bea1f70a1e340f244ab37d512ab24952) Importer(815301076,1909f56bfc062723c751e8b465ee728b)
Start importing Assets/CatBorg Studio/3D Dungeon Lowpoly Pack/Models/04_Bedroom_01_Matrace_ForBeed_2.fbx using Guid(bea1f70a1e340f244ab37d512ab24952) Importer(815301076,1909f56bfc062723c751e8b465ee728b)  -> (artifact id: '49f90d973c06ba40b1ad33b4c24da0cd') in 0.019623 seconds
Number of updated asset objects reloaded before import = 0
Number of asset objects unloaded after import = 9
========================================================================
Received Import Request.
  Time since last request: 0.000030 seconds.
  path: Assets/CatBorg Studio/3D Dungeon Lowpoly Pack/Models/01_Library_01_BookShelve_1.fbx
  artifactKey: Guid(96e8e095ce718cb48ab139ad2ca550e5) Importer(815301076,1909f56bfc062723c751e8b465ee728b)
Start importing Assets/CatBorg Studio/3D Dungeon Lowpoly Pack/Models/01_Library_01_BookShelve_1.fbx using Guid(96e8e095ce718cb48ab139ad2ca550e5) Importer(815301076,1909f56bfc062723c751e8b465ee728b)  -> (artifact id: '1624a054a1128b0bf9a3d15f40f1ebc6') in 0.022548 seconds
Number of updated asset objects reloaded before import = 0
Number of asset objects unloaded after import = 9
========================================================================
Received Import Request.
  Time since last request: 0.000030 seconds.
  path: Assets/CatBorg Studio/3D Dungeon Lowpoly Pack/Models/02_Kitchen_01_Chopper.fbx
  artifactKey: Guid(21676d294d655b5478ce76c58d15f06e) Importer(815301076,1909f56bfc062723c751e8b465ee728b)
Start importing Assets/CatBorg Studio/3D Dungeon Lowpoly Pack/Models/02_Kitchen_01_Chopper.fbx using Guid(21676d294d655b5478ce76c58d15f06e) Importer(815301076,1909f56bfc062723c751e8b465ee728b)  -> (artifact id: 'dfaff899f6ea602ccc117f225dd35791') in 0.021222 seconds
Number of updated asset objects reloaded before import = 0
Number of asset objects unloaded after import = 9
========================================================================
Received Import Request.
  Time since last request: 0.000024 seconds.
  path: Assets/CatBorg Studio/3D Dungeon Lowpoly Pack/Models/03_Blacksmith_01_GrindingWheel_Frame.fbx
  artifactKey: Guid(4f1f23180efdef6449f1b0b9b1b1083f) Importer(815301076,1909f56bfc062723c751e8b465ee728b)
Start importing Assets/CatBorg Studio/3D Dungeon Lowpoly Pack/Models/03_Blacksmith_01_GrindingWheel_Frame.fbx using Guid(4f1f23180efdef6449f1b0b9b1b1083f) Importer(815301076,1909f56bfc062723c751e8b465ee728b)  -> (artifact id: '9517f2d44d39d0c883b7aac949fd5814') in 0.019826 seconds
Number of updated asset objects reloaded before import = 0
Number of asset objects unloaded after import = 9
========================================================================
Received Import Request.
  Time since last request: 0.000025 seconds.
  path: Assets/CatBorg Studio/3D Dungeon Lowpoly Pack/Models/04_Bedroom_01_Matrace_ForBeed_1.fbx
  artifactKey: Guid(1ef5953b6c063f242b91ff91bfb0bc44) Importer(815301076,1909f56bfc062723c751e8b465ee728b)
Start importing Assets/CatBorg Studio/3D Dungeon Lowpoly Pack/Models/04_Bedroom_01_Matrace_ForBeed_1.fbx using Guid(1ef5953b6c063f242b91ff91bfb0bc44) Importer(815301076,1909f56bfc062723c751e8b465ee728b)  -> (artifact id: '5d483a2bed9a9eacd79a803827d9050f') in 0.018509 seconds
Number of updated asset objects reloaded before import = 0
Number of asset objects unloaded after import = 9
========================================================================
Received Import Request.
  Time since last request: 0.000022 seconds.
  path: Assets/CatBorg Studio/3D Dungeon Lowpoly Pack/Models/01_DiningHall_01_Candels#1.fbx
  artifactKey: Guid(cb7b9e29b7b4e7d4da921799a3fac130) Importer(815301076,1909f56bfc062723c751e8b465ee728b)
Start importing Assets/CatBorg Studio/3D Dungeon Lowpoly Pack/Models/01_DiningHall_01_Candels#1.fbx using Guid(cb7b9e29b7b4e7d4da921799a3fac130) Importer(815301076,1909f56bfc062723c751e8b465ee728b)  -> (artifact id: 'bb529533ac1868f7385f757990864d6a') in 0.018376 seconds
Number of updated asset objects reloaded before import = 0
Number of asset objects unloaded after import = 9
========================================================================
Received Import Request.
  Time since last request: 0.000022 seconds.
  path: Assets/CatBorg Studio/3D Dungeon Lowpoly Pack/Models/01_DiningHall_01_Bowl#2.fbx
  artifactKey: Guid(73ce0a416903c7641822479ada6bc80c) Importer(815301076,1909f56bfc062723c751e8b465ee728b)
Start importing Assets/CatBorg Studio/3D Dungeon Lowpoly Pack/Models/01_DiningHall_01_Bowl#2.fbx using Guid(73ce0a416903c7641822479ada6bc80c) Importer(815301076,1909f56bfc062723c751e8b465ee728b)  -> (artifact id: '3844ccb76bb3481492b21ffbc1ef2b2f') in 0.021467 seconds
Number of updated asset objects reloaded before import = 0
Number of asset objects unloaded after import = 9
========================================================================
Received Import Request.
  Time since last request: 0.000024 seconds.
  path: Assets/CatBorg Studio/3D Dungeon Lowpoly Pack/Models/01_DiningHall_01_Cup#1.fbx
  artifactKey: Guid(1fa8d3e2bdfd68f4e9e50a59fd55ff91) Importer(815301076,1909f56bfc062723c751e8b465ee728b)
Start importing Assets/CatBorg Studio/3D Dungeon Lowpoly Pack/Models/01_DiningHall_01_Cup#1.fbx using Guid(1fa8d3e2bdfd68f4e9e50a59fd55ff91) Importer(815301076,1909f56bfc062723c751e8b465ee728b)  -> (artifact id: '86735b42851c72a06b5cf944ae074477') in 0.018101 seconds
Number of updated asset objects reloaded before import = 0
Number of asset objects unloaded after import = 9
========================================================================
Received Import Request.
  Time since last request: 0.000024 seconds.
  path: Assets/CatBorg Studio/3D Dungeon Lowpoly Pack/Models/03_Blacksmith_01_WoodenRack.fbx
  artifactKey: Guid(74258af40b59d2c47b99e97512ea457a) Importer(815301076,1909f56bfc062723c751e8b465ee728b)
Start importing Assets/CatBorg Studio/3D Dungeon Lowpoly Pack/Models/03_Blacksmith_01_WoodenRack.fbx using Guid(74258af40b59d2c47b99e97512ea457a) Importer(815301076,1909f56bfc062723c751e8b465ee728b)  -> (artifact id: '5c6d96d62e9de9530b9d102dbb487922') in 0.026527 seconds
Number of updated asset objects reloaded before import = 0
Number of asset objects unloaded after import = 9
========================================================================
Received Import Request.
  Time since last request: 0.000020 seconds.
  path: Assets/CatBorg Studio/3D Dungeon Lowpoly Pack/Models/01_Library_01_BookSmall_Green.fbx
  artifactKey: Guid(19beee987cc34624cb12ac982e0dc8e6) Importer(815301076,1909f56bfc062723c751e8b465ee728b)
Start importing Assets/CatBorg Studio/3D Dungeon Lowpoly Pack/Models/01_Library_01_BookSmall_Green.fbx using Guid(19beee987cc34624cb12ac982e0dc8e6) Importer(815301076,1909f56bfc062723c751e8b465ee728b)  -> (artifact id: '10c89ab1f3d4ba129239eb1217a6ba6d') in 0.025493 seconds
Number of updated asset objects reloaded before import = 0
Number of asset objects unloaded after import = 9
========================================================================
Received Import Request.
  Time since last request: 0.000023 seconds.
  path: Assets/CatBorg Studio/3D Dungeon Lowpoly Pack/Models/03_Blacksmith_01_CooperBar.fbx
  artifactKey: Guid(f0ee873b9c72e8849a5bf14636c21c4f) Importer(815301076,1909f56bfc062723c751e8b465ee728b)
Start importing Assets/CatBorg Studio/3D Dungeon Lowpoly Pack/Models/03_Blacksmith_01_CooperBar.fbx using Guid(f0ee873b9c72e8849a5bf14636c21c4f) Importer(815301076,1909f56bfc062723c751e8b465ee728b)  -> (artifact id: '41dbf0bff3fcd6a555428f8bd4e59432') in 0.020557 seconds
Number of updated asset objects reloaded before import = 0
Number of asset objects unloaded after import = 9
========================================================================
Received Import Request.
  Time since last request: 0.000024 seconds.
  path: Assets/CatBorg Studio/3D Dungeon Lowpoly Pack/Models/01_Library_01_Desk#1.fbx
  artifactKey: Guid(c454e92f88d86214cb2e75fe02c580d9) Importer(815301076,1909f56bfc062723c751e8b465ee728b)
Start importing Assets/CatBorg Studio/3D Dungeon Lowpoly Pack/Models/01_Library_01_Desk#1.fbx using Guid(c454e92f88d86214cb2e75fe02c580d9) Importer(815301076,1909f56bfc062723c751e8b465ee728b)  -> (artifact id: '00c27abbd474ec3f6c1b10e2a4116002') in 0.016791 seconds
Number of updated asset objects reloaded before import = 0
Number of asset objects unloaded after import = 9
========================================================================
Received Import Request.
  Time since last request: 0.000024 seconds.
  path: Assets/CatBorg Studio/3D Dungeon Lowpoly Pack/Models/02_Kitchen_01_CookingPot#2.fbx
  artifactKey: Guid(20ac841c5eb778d488b5a88d44d1bbee) Importer(815301076,1909f56bfc062723c751e8b465ee728b)
Start importing Assets/CatBorg Studio/3D Dungeon Lowpoly Pack/Models/02_Kitchen_01_CookingPot#2.fbx using Guid(20ac841c5eb778d488b5a88d44d1bbee) Importer(815301076,1909f56bfc062723c751e8b465ee728b)  -> (artifact id: 'a524bb740b9d1028a966780179984108') in 0.018939 seconds
Number of updated asset objects reloaded before import = 0
Number of asset objects unloaded after import = 9
========================================================================
Received Import Request.
  Time since last request: 0.000034 seconds.
  path: Assets/CatBorg Studio/3D Dungeon Lowpoly Pack/Models/01_Library_01_Desk#2.fbx
  artifactKey: Guid(d9296ca73520c5942abb74bc4a400a54) Importer(815301076,1909f56bfc062723c751e8b465ee728b)
Start importing Assets/CatBorg Studio/3D Dungeon Lowpoly Pack/Models/01_Library_01_Desk#2.fbx using Guid(d9296ca73520c5942abb74bc4a400a54) Importer(815301076,1909f56bfc062723c751e8b465ee728b)  -> (artifact id: '35c8503dd7bf1110f97b1ea29aa1ec1b') in 0.017812 seconds
Number of updated asset objects reloaded before import = 0
Number of asset objects unloaded after import = 9
========================================================================
Received Import Request.
  Time since last request: 0.000028 seconds.
  path: Assets/CatBorg Studio/3D Dungeon Lowpoly Pack/Models/01_Library_01_BigBook#1.fbx
  artifactKey: Guid(76076db2398f4f741bb013f71794447e) Importer(815301076,1909f56bfc062723c751e8b465ee728b)
Start importing Assets/CatBorg Studio/3D Dungeon Lowpoly Pack/Models/01_Library_01_BigBook#1.fbx using Guid(76076db2398f4f741bb013f71794447e) Importer(815301076,1909f56bfc062723c751e8b465ee728b)  -> (artifact id: 'f6e6ef0757c3bd6590e96299ca893ff6') in 0.020391 seconds
Number of updated asset objects reloaded before import = 0
Number of asset objects unloaded after import = 9
========================================================================
Received Import Request.
  Time since last request: 0.000025 seconds.
  path: Assets/CatBorg Studio/3D Dungeon Lowpoly Pack/Models/01_Library_01_Chear_High#2.fbx
  artifactKey: Guid(a6f6571c6dbe24a41a8bda8fd28c0be2) Importer(815301076,1909f56bfc062723c751e8b465ee728b)
Start importing Assets/CatBorg Studio/3D Dungeon Lowpoly Pack/Models/01_Library_01_Chear_High#2.fbx using Guid(a6f6571c6dbe24a41a8bda8fd28c0be2) Importer(815301076,1909f56bfc062723c751e8b465ee728b)  -> (artifact id: '4f72febcee0b7a9e4646cf4c8fd11b79') in 0.018140 seconds
Number of updated asset objects reloaded before import = 0
Number of asset objects unloaded after import = 9
========================================================================
Received Import Request.
  Time since last request: 0.000024 seconds.
  path: Assets/CatBorg Studio/3D Dungeon Lowpoly Pack/Models/01_Library_01_BookSmall_Blue.fbx
  artifactKey: Guid(e9a3ca9aa7a65b6478a6e2b4e24357fc) Importer(815301076,1909f56bfc062723c751e8b465ee728b)
Start importing Assets/CatBorg Studio/3D Dungeon Lowpoly Pack/Models/01_Library_01_BookSmall_Blue.fbx using Guid(e9a3ca9aa7a65b6478a6e2b4e24357fc) Importer(815301076,1909f56bfc062723c751e8b465ee728b)  -> (artifact id: 'c0cb058372a362e9a03d4a5cbbbc7d4c') in 0.018007 seconds
Number of updated asset objects reloaded before import = 0
Number of asset objects unloaded after import = 9
========================================================================
Received Import Request.
  Time since last request: 0.000025 seconds.
  path: Assets/CatBorg Studio/3D Dungeon Lowpoly Pack/Models/05_Vault_01_Chest_Top#1.fbx
  artifactKey: Guid(c2b00369f35bf6d4eb4d35c37db505c1) Importer(815301076,1909f56bfc062723c751e8b465ee728b)
Start importing Assets/CatBorg Studio/3D Dungeon Lowpoly Pack/Models/05_Vault_01_Chest_Top#1.fbx using Guid(c2b00369f35bf6d4eb4d35c37db505c1) Importer(815301076,1909f56bfc062723c751e8b465ee728b)  -> (artifact id: 'd035a4e95373a815dbce3e66b034bbe7') in 0.023454 seconds
Number of updated asset objects reloaded before import = 0
Number of asset objects unloaded after import = 9
========================================================================
Received Import Request.
  Time since last request: 4.839931 seconds.
  path: Assets/CatBorg Studio/3D Dungeon Lowpoly Pack/Models/05_Vault_01_Rubin#1.fbx
  artifactKey: Guid(25c811799ef8eb94fb6299fcd3154bb6) Importer(815301076,1909f56bfc062723c751e8b465ee728b)
Start importing Assets/CatBorg Studio/3D Dungeon Lowpoly Pack/Models/05_Vault_01_Rubin#1.fbx using Guid(25c811799ef8eb94fb6299fcd3154bb6) Importer(815301076,1909f56bfc062723c751e8b465ee728b)  -> (artifact id: 'd8b6266062f81b035d7d110cf58c8f72') in 0.016447 seconds
Number of updated asset objects reloaded before import = 0
Number of asset objects unloaded after import = 9
========================================================================
Received Import Request.
  Time since last request: 0.000015 seconds.
  path: Assets/CatBorg Studio/3D Dungeon Lowpoly Pack/Models/97_Othert_Amphora_Destroyable.fbx
  artifactKey: Guid(52cb12b8923562c4396a116aa66d336a) Importer(815301076,1909f56bfc062723c751e8b465ee728b)
Start importing Assets/CatBorg Studio/3D Dungeon Lowpoly Pack/Models/97_Othert_Amphora_Destroyable.fbx using Guid(52cb12b8923562c4396a116aa66d336a) Importer(815301076,1909f56bfc062723c751e8b465ee728b)  -> (artifact id: 'dc94f689221af8511666cc327d9b3ded') in 0.079522 seconds
Number of updated asset objects reloaded before import = 0
Number of asset objects unloaded after import = 46
========================================================================
Received Import Request.
  Time since last request: 0.000029 seconds.
  path: Assets/CatBorg Studio/3D Dungeon Lowpoly Pack/Models/99_Decorations_WallBanner_2.fbx
  artifactKey: Guid(0a3f008b7c8f235498390d0f705b7705) Importer(815301076,1909f56bfc062723c751e8b465ee728b)
Start importing Assets/CatBorg Studio/3D Dungeon Lowpoly Pack/Models/99_Decorations_WallBanner_2.fbx using Guid(0a3f008b7c8f235498390d0f705b7705) Importer(815301076,1909f56bfc062723c751e8b465ee728b)  -> (artifact id: 'da5a6690e75fdf5565498c398be350c0') in 0.025652 seconds
Number of updated asset objects reloaded before import = 0
Number of asset objects unloaded after import = 9
========================================================================
Received Import Request.
  Time since last request: 0.000031 seconds.
  path: Assets/CatBorg Studio/3D Dungeon Lowpoly Pack/Models/97_Othert_Key_Red.fbx
  artifactKey: Guid(768f7077446fbd14d9912f6b0d913fa6) Importer(815301076,1909f56bfc062723c751e8b465ee728b)
Start importing Assets/CatBorg Studio/3D Dungeon Lowpoly Pack/Models/97_Othert_Key_Red.fbx using Guid(768f7077446fbd14d9912f6b0d913fa6) Importer(815301076,1909f56bfc062723c751e8b465ee728b)  -> (artifact id: '87c3df5096b013fe7dfd0ca3678b7341') in 0.024137 seconds
Number of updated asset objects reloaded before import = 0
Number of asset objects unloaded after import = 9
========================================================================
Received Import Request.
  Time since last request: 0.000046 seconds.
  path: Assets/CatBorg Studio/3D Dungeon Lowpoly Pack/Models/99_Decorations_SpiderWebb_1.fbx
  artifactKey: Guid(f453fab8f9a1be245a02b9e4e9e20d58) Importer(815301076,1909f56bfc062723c751e8b465ee728b)
Start importing Assets/CatBorg Studio/3D Dungeon Lowpoly Pack/Models/99_Decorations_SpiderWebb_1.fbx using Guid(f453fab8f9a1be245a02b9e4e9e20d58) Importer(815301076,1909f56bfc062723c751e8b465ee728b)  -> (artifact id: 'c5caeef52b0d7d64241ff0ea51f5a3f1') in 0.023461 seconds
Number of updated asset objects reloaded before import = 0
Number of asset objects unloaded after import = 9
========================================================================
Received Import Request.
  Time since last request: 0.000026 seconds.
  path: Assets/CatBorg Studio/3D Dungeon Lowpoly Pack/Models/99_Decorations_WallBanner_0.fbx
  artifactKey: Guid(d6070a2a44a6b3147ba22f247370906b) Importer(815301076,1909f56bfc062723c751e8b465ee728b)
Start importing Assets/CatBorg Studio/3D Dungeon Lowpoly Pack/Models/99_Decorations_WallBanner_0.fbx using Guid(d6070a2a44a6b3147ba22f247370906b) Importer(815301076,1909f56bfc062723c751e8b465ee728b)  -> (artifact id: 'ded35f6931dc4615e0ab959b02d75707') in 0.020782 seconds
Number of updated asset objects reloaded before import = 0
Number of asset objects unloaded after import = 9
========================================================================
Received Import Request.
  Time since last request: 0.000025 seconds.
  path: Assets/CatBorg Studio/3D Dungeon Lowpoly Pack/Models/96_Traps_Trap_FloorWheel.fbx
  artifactKey: Guid(0702578e4efb1c045acba01655e403dc) Importer(815301076,1909f56bfc062723c751e8b465ee728b)
Start importing Assets/CatBorg Studio/3D Dungeon Lowpoly Pack/Models/96_Traps_Trap_FloorWheel.fbx using Guid(0702578e4efb1c045acba01655e403dc) Importer(815301076,1909f56bfc062723c751e8b465ee728b)  -> (artifact id: 'e240c6555312985f0d5bfa065f37769d') in 0.034283 seconds
Number of updated asset objects reloaded before import = 0
Number of asset objects unloaded after import = 16
========================================================================
Received Import Request.
  Time since last request: 0.000021 seconds.
  path: Assets/CatBorg Studio/3D Dungeon Lowpoly Pack/Models/99_Decorations_SpiderWebb_2.fbx
  artifactKey: Guid(0ece5c8b685346a4ca0e7f26de994d72) Importer(815301076,1909f56bfc062723c751e8b465ee728b)
Start importing Assets/CatBorg Studio/3D Dungeon Lowpoly Pack/Models/99_Decorations_SpiderWebb_2.fbx using Guid(0ece5c8b685346a4ca0e7f26de994d72) Importer(815301076,1909f56bfc062723c751e8b465ee728b)  -> (artifact id: '3a6becc32b53537fb460924a86220894') in 0.018112 seconds
Number of updated asset objects reloaded before import = 0
Number of asset objects unloaded after import = 9
========================================================================
Received Import Request.
  Time since last request: 0.041639 seconds.
  path: Assets/CatBorg Studio/3D Dungeon Lowpoly Pack/Models/99_Decorations_WallBanner_4.fbx
  artifactKey: Guid(e3909f3752d08d446b0e3034f5e23b7a) Importer(815301076,1909f56bfc062723c751e8b465ee728b)
Start importing Assets/CatBorg Studio/3D Dungeon Lowpoly Pack/Models/99_Decorations_WallBanner_4.fbx using Guid(e3909f3752d08d446b0e3034f5e23b7a) Importer(815301076,1909f56bfc062723c751e8b465ee728b)  -> (artifact id: 'f3e6da1c12318709b4b37314444878a2') in 0.018047 seconds
Number of updated asset objects reloaded before import = 0
Number of asset objects unloaded after import = 9
========================================================================
Received Import Request.
  Time since last request: 0.000020 seconds.
  path: Assets/CatBorg Studio/3D Dungeon Lowpoly Pack/Models/99_Enviroment_Doors.fbx
  artifactKey: Guid(65536e910924dd84cbb1310ea1cdd100) Importer(815301076,1909f56bfc062723c751e8b465ee728b)
Start importing Assets/CatBorg Studio/3D Dungeon Lowpoly Pack/Models/99_Enviroment_Doors.fbx using Guid(65536e910924dd84cbb1310ea1cdd100) Importer(815301076,1909f56bfc062723c751e8b465ee728b)  -> (artifact id: '22778d90211070e19d55b5cba2d9ecab') in 0.047581 seconds
Number of updated asset objects reloaded before import = 0
Number of asset objects unloaded after import = 21
========================================================================
Received Import Request.
  Time since last request: 0.000025 seconds.
  path: Assets/CatBorg Studio/3D Dungeon Lowpoly Pack/Models/99_Enviroment_Floor_05.fbx
  artifactKey: Guid(6670a1e69c32cf14c805b03a61a90bb0) Importer(815301076,1909f56bfc062723c751e8b465ee728b)
Start importing Assets/CatBorg Studio/3D Dungeon Lowpoly Pack/Models/99_Enviroment_Floor_05.fbx using Guid(6670a1e69c32cf14c805b03a61a90bb0) Importer(815301076,1909f56bfc062723c751e8b465ee728b)  -> (artifact id: 'dd9a472eb671384b05002d791f7537c6') in 0.019520 seconds
Number of updated asset objects reloaded before import = 0
Number of asset objects unloaded after import = 9
========================================================================
Received Import Request.
  Time since last request: 0.000034 seconds.
  path: Assets/CatBorg Studio/3D Dungeon Lowpoly Pack/Models/99_Enviroment_Column_Rocky_1.fbx
  artifactKey: Guid(3b065307e61a1b04abb4d0063d1265c5) Importer(815301076,1909f56bfc062723c751e8b465ee728b)
Start importing Assets/CatBorg Studio/3D Dungeon Lowpoly Pack/Models/99_Enviroment_Column_Rocky_1.fbx using Guid(3b065307e61a1b04abb4d0063d1265c5) Importer(815301076,1909f56bfc062723c751e8b465ee728b)  -> (artifact id: 'c466448a9ea772d0ddf3c4ef4da85cd8') in 0.020601 seconds
Number of updated asset objects reloaded before import = 0
Number of asset objects unloaded after import = 9
Editor requested this worker to shutdown with reason: Scaling down because of idle timeout
TcpMessagingSession - receive error
AssetImportWorkerClient::OnTransportError - code=2 error=End of file
AssetImportWorker is now disconnected from the server
Process exiting
Exiting without the bug reporter. Application will terminate with return code 0